<?xml version="1.0" encoding="UTF-8"?>
<!-- Generated by org.testng.reporters.JUnitXMLReporter -->
<testsuite hostname="lougani-1983" ignored="0" name="Practice Test" tests="3" failures="1" timestamp="07 Sep 2019 02:03:50 GMT" time="13.576" errors="0">
  <testcase name="checkboxTest" time="8.495" classname="com.rachid.testcases.PracticePageTest"/>
  <testcase name="dropDownTest" time="3.357" classname="com.rachid.testcases.PracticePageTest"/>
  <testcase name="radioButnTest" time="0.771" classname="com.rachid.testcases.PracticePageTest">
    <failure type="java.lang.AssertionError" message="expected [true] but found [false]">
      <![CDATA[java.lang.AssertionError: expected [true] but found [false]
	at com.rachid.testcases.PracticePageTest.radioButnTest(PracticePageTest.java:49)
... Removed 29 stack frames]]>
    </failure>
  </testcase> <!-- radioButnTest -->
</testsuite> <!-- Practice Test -->
