<?xml version="1.0" encoding="UTF-8"?>
<testng-results skipped="0" failed="4" ignored="2" total="9" passed="3">
  <reporter-output>
    <line>
      <![CDATA[<a target="blank" href=Fri_Sep_06_22_03_32_EDT_2019>Screenshot</a>]]>
    </line>
    <line>
      <![CDATA[<br>]]>
    </line>
    <line>
      <![CDATA[<br>]]>
    </line>
    <line>
      <![CDATA[<a target="_blank" href=Fri_Sep_06_22_03_32_EDT_2019><img src=Fri_Sep_06_22_03_32_EDT_2019 height=200 width=200></img></a>]]>
    </line>
    <line>
      <![CDATA[<a target="blank" href=Fri_Sep_06_22_03_34_EDT_2019>Screenshot</a>]]>
    </line>
    <line>
      <![CDATA[<br>]]>
    </line>
    <line>
      <![CDATA[<br>]]>
    </line>
    <line>
      <![CDATA[<a target="_blank" href=Fri_Sep_06_22_03_34_EDT_2019><img src=Fri_Sep_06_22_03_34_EDT_2019 height=200 width=200></img></a>]]>
    </line>
    <line>
      <![CDATA[<a target="blank" href=Fri_Sep_06_22_03_35_EDT_2019>Screenshot</a>]]>
    </line>
    <line>
      <![CDATA[<br>]]>
    </line>
    <line>
      <![CDATA[<br>]]>
    </line>
    <line>
      <![CDATA[<a target="_blank" href=Fri_Sep_06_22_03_35_EDT_2019><img src=Fri_Sep_06_22_03_35_EDT_2019 height=200 width=200></img></a>]]>
    </line>
    <line>
      <![CDATA[<a target="blank" href=Fri_Sep_06_22_03_49_EDT_2019>Screenshot</a>]]>
    </line>
    <line>
      <![CDATA[<br>]]>
    </line>
    <line>
      <![CDATA[<br>]]>
    </line>
    <line>
      <![CDATA[<a target="_blank" href=Fri_Sep_06_22_03_49_EDT_2019><img src=Fri_Sep_06_22_03_49_EDT_2019 height=200 width=200></img></a>]]>
    </line>
  </reporter-output>
  <suite name="Suite" duration-ms="17435" started-at="2019-09-07T02:03:32Z" finished-at="2019-09-07T02:03:50Z">
    <groups>
      <group name="Regression">
        <method signature="LoginTest.loginTest(java.util.Hashtable)[pri:0, instance:com.rachid.testcases.LoginTest@26d9b808]" name="loginTest" class="com.rachid.testcases.LoginTest"/>
        <method signature="PracticePageTest.checkboxTest()[pri:0, instance:com.rachid.testcases.PracticePageTest@11392934]" name="checkboxTest" class="com.rachid.testcases.PracticePageTest"/>
        <method signature="PracticePageTest.dropDownTest()[pri:0, instance:com.rachid.testcases.PracticePageTest@11392934]" name="dropDownTest" class="com.rachid.testcases.PracticePageTest"/>
        <method signature="PracticePageTest.radioButnTest()[pri:0, instance:com.rachid.testcases.PracticePageTest@11392934]" name="radioButnTest" class="com.rachid.testcases.PracticePageTest"/>
      </group> <!-- Regression -->
    </groups>
    <test name="Home Page Test" duration-ms="11" started-at="2019-09-07T02:03:32Z" finished-at="2019-09-07T02:03:32Z">
    </test> <!-- Home Page Test -->
    <test name="Login Test" duration-ms="3791" started-at="2019-09-07T02:03:32Z" finished-at="2019-09-07T02:03:36Z">
      <class name="com.rachid.testcases.LoginTest">
        <test-method status="FAIL" signature="loginTest(java.util.Hashtable)[pri:0, instance:com.rachid.testcases.LoginTest@26d9b808]" name="loginTest" duration-ms="20" started-at="2019-09-06T22:03:32Z" data-provider="dp" finished-at="2019-09-06T22:03:32Z">
          <params>
            <param index="0">
              <value is-null="true"/>
            </param>
          </params>
          <exception class="java.lang.NullPointerException">
            <full-stacktrace>
              <![CDATA[java.lang.NullPointerException
	at com.rachid.testcases.LoginTest.loginTest(LoginTest.java:25)
	at sun.reflect.NativeMethodAccessorImpl.invoke0(Native Method)
	at sun.reflect.NativeMethodAccessorImpl.invoke(NativeMethodAccessorImpl.java:62)
	at sun.reflect.DelegatingMethodAccessorImpl.invoke(DelegatingMethodAccessorImpl.java:43)
	at java.lang.reflect.Method.invoke(Method.java:498)
	at org.testng.internal.MethodInvocationHelper.invokeMethod(MethodInvocationHelper.java:108)
	at org.testng.internal.Invoker.invokeMethod(Invoker.java:661)
	at org.testng.internal.Invoker.invokeTestMethod(Invoker.java:869)
	at org.testng.internal.Invoker.invokeTestMethods(Invoker.java:1193)
	at org.testng.internal.TestMethodWorker.invokeTestMethods(TestMethodWorker.java:126)
	at org.testng.internal.TestMethodWorker.run(TestMethodWorker.java:109)
	at org.testng.TestRunner.privateRun(TestRunner.java:744)
	at org.testng.TestRunner.run(TestRunner.java:602)
	at org.testng.SuiteRunner.runTest(SuiteRunner.java:380)
	at org.testng.SuiteRunner.runSequentially(SuiteRunner.java:375)
	at org.testng.SuiteRunner.privateRun(SuiteRunner.java:340)
	at org.testng.SuiteRunner.run(SuiteRunner.java:289)
	at org.testng.SuiteRunnerWorker.runSuite(SuiteRunnerWorker.java:52)
	at org.testng.SuiteRunnerWorker.run(SuiteRunnerWorker.java:86)
	at org.testng.TestNG.runSuitesSequentially(TestNG.java:1301)
	at org.testng.TestNG.runSuitesLocally(TestNG.java:1226)
	at org.testng.TestNG.runSuites(TestNG.java:1144)
	at org.testng.TestNG.run(TestNG.java:1115)
	at org.testng.remote.AbstractRemoteTestNG.run(AbstractRemoteTestNG.java:115)
	at org.testng.remote.RemoteTestNG.initAndRun(RemoteTestNG.java:251)
	at org.testng.remote.RemoteTestNG.main(RemoteTestNG.java:77)
]]>
            </full-stacktrace>
          </exception> <!-- java.lang.NullPointerException -->
          <reporter-output>
            <line>
              <![CDATA[<a target="blank" href=Fri_Sep_06_22_03_32_EDT_2019>Screenshot</a>]]>
            </line>
            <line>
              <![CDATA[<br>]]>
            </line>
            <line>
              <![CDATA[<br>]]>
            </line>
            <line>
              <![CDATA[<a target="_blank" href=Fri_Sep_06_22_03_32_EDT_2019><img src=Fri_Sep_06_22_03_32_EDT_2019 height=200 width=200></img></a>]]>
            </line>
          </reporter-output>
        </test-method> <!-- loginTest -->
        <test-method status="FAIL" signature="loginTest(java.util.Hashtable)[pri:0, instance:com.rachid.testcases.LoginTest@26d9b808]" name="loginTest" duration-ms="11" started-at="2019-09-06T22:03:34Z" data-provider="dp" finished-at="2019-09-06T22:03:34Z">
          <params>
            <param index="0">
              <value is-null="true"/>
            </param>
          </params>
          <exception class="java.lang.NullPointerException">
            <full-stacktrace>
              <![CDATA[java.lang.NullPointerException
	at com.rachid.testcases.LoginTest.loginTest(LoginTest.java:25)
	at sun.reflect.NativeMethodAccessorImpl.invoke0(Native Method)
	at sun.reflect.NativeMethodAccessorImpl.invoke(NativeMethodAccessorImpl.java:62)
	at sun.reflect.DelegatingMethodAccessorImpl.invoke(DelegatingMethodAccessorImpl.java:43)
	at java.lang.reflect.Method.invoke(Method.java:498)
	at org.testng.internal.MethodInvocationHelper.invokeMethod(MethodInvocationHelper.java:108)
	at org.testng.internal.Invoker.invokeMethod(Invoker.java:661)
	at org.testng.internal.Invoker.invokeTestMethod(Invoker.java:869)
	at org.testng.internal.Invoker.invokeTestMethods(Invoker.java:1193)
	at org.testng.internal.TestMethodWorker.invokeTestMethods(TestMethodWorker.java:126)
	at org.testng.internal.TestMethodWorker.run(TestMethodWorker.java:109)
	at org.testng.TestRunner.privateRun(TestRunner.java:744)
	at org.testng.TestRunner.run(TestRunner.java:602)
	at org.testng.SuiteRunner.runTest(SuiteRunner.java:380)
	at org.testng.SuiteRunner.runSequentially(SuiteRunner.java:375)
	at org.testng.SuiteRunner.privateRun(SuiteRunner.java:340)
	at org.testng.SuiteRunner.run(SuiteRunner.java:289)
	at org.testng.SuiteRunnerWorker.runSuite(SuiteRunnerWorker.java:52)
	at org.testng.SuiteRunnerWorker.run(SuiteRunnerWorker.java:86)
	at org.testng.TestNG.runSuitesSequentially(TestNG.java:1301)
	at org.testng.TestNG.runSuitesLocally(TestNG.java:1226)
	at org.testng.TestNG.runSuites(TestNG.java:1144)
	at org.testng.TestNG.run(TestNG.java:1115)
	at org.testng.remote.AbstractRemoteTestNG.run(AbstractRemoteTestNG.java:115)
	at org.testng.remote.RemoteTestNG.initAndRun(RemoteTestNG.java:251)
	at org.testng.remote.RemoteTestNG.main(RemoteTestNG.java:77)
]]>
            </full-stacktrace>
          </exception> <!-- java.lang.NullPointerException -->
          <reporter-output>
            <line>
              <![CDATA[<a target="blank" href=Fri_Sep_06_22_03_34_EDT_2019>Screenshot</a>]]>
            </line>
            <line>
              <![CDATA[<br>]]>
            </line>
            <line>
              <![CDATA[<br>]]>
            </line>
            <line>
              <![CDATA[<a target="_blank" href=Fri_Sep_06_22_03_34_EDT_2019><img src=Fri_Sep_06_22_03_34_EDT_2019 height=200 width=200></img></a>]]>
            </line>
          </reporter-output>
        </test-method> <!-- loginTest -->
        <test-method status="FAIL" signature="loginTest(java.util.Hashtable)[pri:0, instance:com.rachid.testcases.LoginTest@26d9b808]" name="loginTest" duration-ms="3" started-at="2019-09-06T22:03:35Z" data-provider="dp" finished-at="2019-09-06T22:03:35Z">
          <params>
            <param index="0">
              <value is-null="true"/>
            </param>
          </params>
          <exception class="java.lang.NullPointerException">
            <full-stacktrace>
              <![CDATA[java.lang.NullPointerException
	at com.rachid.testcases.LoginTest.loginTest(LoginTest.java:25)
	at sun.reflect.NativeMethodAccessorImpl.invoke0(Native Method)
	at sun.reflect.NativeMethodAccessorImpl.invoke(NativeMethodAccessorImpl.java:62)
	at sun.reflect.DelegatingMethodAccessorImpl.invoke(DelegatingMethodAccessorImpl.java:43)
	at java.lang.reflect.Method.invoke(Method.java:498)
	at org.testng.internal.MethodInvocationHelper.invokeMethod(MethodInvocationHelper.java:108)
	at org.testng.internal.Invoker.invokeMethod(Invoker.java:661)
	at org.testng.internal.Invoker.invokeTestMethod(Invoker.java:869)
	at org.testng.internal.Invoker.invokeTestMethods(Invoker.java:1193)
	at org.testng.internal.TestMethodWorker.invokeTestMethods(TestMethodWorker.java:126)
	at org.testng.internal.TestMethodWorker.run(TestMethodWorker.java:109)
	at org.testng.TestRunner.privateRun(TestRunner.java:744)
	at org.testng.TestRunner.run(TestRunner.java:602)
	at org.testng.SuiteRunner.runTest(SuiteRunner.java:380)
	at org.testng.SuiteRunner.runSequentially(SuiteRunner.java:375)
	at org.testng.SuiteRunner.privateRun(SuiteRunner.java:340)
	at org.testng.SuiteRunner.run(SuiteRunner.java:289)
	at org.testng.SuiteRunnerWorker.runSuite(SuiteRunnerWorker.java:52)
	at org.testng.SuiteRunnerWorker.run(SuiteRunnerWorker.java:86)
	at org.testng.TestNG.runSuitesSequentially(TestNG.java:1301)
	at org.testng.TestNG.runSuitesLocally(TestNG.java:1226)
	at org.testng.TestNG.runSuites(TestNG.java:1144)
	at org.testng.TestNG.run(TestNG.java:1115)
	at org.testng.remote.AbstractRemoteTestNG.run(AbstractRemoteTestNG.java:115)
	at org.testng.remote.RemoteTestNG.initAndRun(RemoteTestNG.java:251)
	at org.testng.remote.RemoteTestNG.main(RemoteTestNG.java:77)
]]>
            </full-stacktrace>
          </exception> <!-- java.lang.NullPointerException -->
          <reporter-output>
            <line>
              <![CDATA[<a target="blank" href=Fri_Sep_06_22_03_35_EDT_2019>Screenshot</a>]]>
            </line>
            <line>
              <![CDATA[<br>]]>
            </line>
            <line>
              <![CDATA[<br>]]>
            </line>
            <line>
              <![CDATA[<a target="_blank" href=Fri_Sep_06_22_03_35_EDT_2019><img src=Fri_Sep_06_22_03_35_EDT_2019 height=200 width=200></img></a>]]>
            </line>
          </reporter-output>
        </test-method> <!-- loginTest -->
        <test-method status="PASS" signature="loginTest(java.util.Hashtable)[pri:0, instance:com.rachid.testcases.LoginTest@26d9b808]" name="loginTest" duration-ms="6" started-at="2019-09-06T22:03:36Z" data-provider="dp" finished-at="2019-09-06T22:03:36Z">
          <params>
            <param index="0">
              <value>
                <![CDATA[{password=ujty, email=ldrthr@gmail.com}]]>
              </value>
            </param>
          </params>
          <reporter-output>
          </reporter-output>
        </test-method> <!-- loginTest -->
      </class> <!-- com.rachid.testcases.LoginTest -->
    </test> <!-- Login Test -->
    <test name="Practice Test" duration-ms="13576" started-at="2019-09-07T02:03:36Z" finished-at="2019-09-07T02:03:50Z">
      <class name="com.rachid.testcases.PracticePageTest">
        <test-method status="PASS" signature="setUp()[pri:0, instance:com.rachid.testcases.PracticePageTest@11392934]" name="setUp" is-config="true" duration-ms="22254" started-at="2019-09-06T22:03:10Z" finished-at="2019-09-06T22:03:32Z">
          <reporter-output>
          </reporter-output>
        </test-method> <!-- setUp -->
        <test-method status="PASS" signature="checkboxTest()[pri:0, instance:com.rachid.testcases.PracticePageTest@11392934]" name="checkboxTest" duration-ms="8495" started-at="2019-09-06T22:03:36Z" finished-at="2019-09-06T22:03:45Z">
          <reporter-output>
          </reporter-output>
        </test-method> <!-- checkboxTest -->
        <test-method status="PASS" signature="dropDownTest()[pri:0, instance:com.rachid.testcases.PracticePageTest@11392934]" name="dropDownTest" duration-ms="3357" started-at="2019-09-06T22:03:45Z" finished-at="2019-09-06T22:03:48Z">
          <reporter-output>
          </reporter-output>
        </test-method> <!-- dropDownTest -->
        <test-method status="FAIL" signature="radioButnTest()[pri:0, instance:com.rachid.testcases.PracticePageTest@11392934]" name="radioButnTest" duration-ms="771" started-at="2019-09-06T22:03:48Z" finished-at="2019-09-06T22:03:49Z">
          <exception class="java.lang.AssertionError">
            <message>
              <![CDATA[expected [true] but found [false]]]>
            </message>
            <full-stacktrace>
              <![CDATA[java.lang.AssertionError: expected [true] but found [false]
	at org.testng.Assert.fail(Assert.java:93)
	at org.testng.Assert.failNotEquals(Assert.java:512)
	at org.testng.Assert.assertTrue(Assert.java:41)
	at org.testng.Assert.assertTrue(Assert.java:51)
	at com.rachid.testcases.PracticePageTest.radioButnTest(PracticePageTest.java:49)
	at sun.reflect.NativeMethodAccessorImpl.invoke0(Native Method)
	at sun.reflect.NativeMethodAccessorImpl.invoke(NativeMethodAccessorImpl.java:62)
	at sun.reflect.DelegatingMethodAccessorImpl.invoke(DelegatingMethodAccessorImpl.java:43)
	at java.lang.reflect.Method.invoke(Method.java:498)
	at org.testng.internal.MethodInvocationHelper.invokeMethod(MethodInvocationHelper.java:108)
	at org.testng.internal.Invoker.invokeMethod(Invoker.java:661)
	at org.testng.internal.Invoker.invokeTestMethod(Invoker.java:869)
	at org.testng.internal.Invoker.invokeTestMethods(Invoker.java:1193)
	at org.testng.internal.TestMethodWorker.invokeTestMethods(TestMethodWorker.java:126)
	at org.testng.internal.TestMethodWorker.run(TestMethodWorker.java:109)
	at org.testng.TestRunner.privateRun(TestRunner.java:744)
	at org.testng.TestRunner.run(TestRunner.java:602)
	at org.testng.SuiteRunner.runTest(SuiteRunner.java:380)
	at org.testng.SuiteRunner.runSequentially(SuiteRunner.java:375)
	at org.testng.SuiteRunner.privateRun(SuiteRunner.java:340)
	at org.testng.SuiteRunner.run(SuiteRunner.java:289)
	at org.testng.SuiteRunnerWorker.runSuite(SuiteRunnerWorker.java:52)
	at org.testng.SuiteRunnerWorker.run(SuiteRunnerWorker.java:86)
	at org.testng.TestNG.runSuitesSequentially(TestNG.java:1301)
	at org.testng.TestNG.runSuitesLocally(TestNG.java:1226)
	at org.testng.TestNG.runSuites(TestNG.java:1144)
	at org.testng.TestNG.run(TestNG.java:1115)
	at org.testng.remote.AbstractRemoteTestNG.run(AbstractRemoteTestNG.java:115)
	at org.testng.remote.RemoteTestNG.initAndRun(RemoteTestNG.java:251)
	at org.testng.remote.RemoteTestNG.main(RemoteTestNG.java:77)
]]>
            </full-stacktrace>
          </exception> <!-- java.lang.AssertionError -->
          <reporter-output>
            <line>
              <![CDATA[<a target="blank" href=Fri_Sep_06_22_03_49_EDT_2019>Screenshot</a>]]>
            </line>
            <line>
              <![CDATA[<br>]]>
            </line>
            <line>
              <![CDATA[<br>]]>
            </line>
            <line>
              <![CDATA[<a target="_blank" href=Fri_Sep_06_22_03_49_EDT_2019><img src=Fri_Sep_06_22_03_49_EDT_2019 height=200 width=200></img></a>]]>
            </line>
          </reporter-output>
        </test-method> <!-- radioButnTest -->
        <test-method status="PASS" signature="tearDown()[pri:0, instance:com.rachid.testcases.PracticePageTest@11392934]" name="tearDown" is-config="true" duration-ms="1899" started-at="2019-09-06T22:03:50Z" finished-at="2019-09-06T22:03:52Z">
          <reporter-output>
          </reporter-output>
        </test-method> <!-- tearDown -->
      </class> <!-- com.rachid.testcases.PracticePageTest -->
    </test> <!-- Practice Test -->
  </suite> <!-- Suite -->
</testng-results>
